<?xml version="1.0" encoding="UTF-8"?>
<testsuites>
  <testsuite name="Main_test" file="/var/www/mysite.com/public/application/tests/controllers/Main_test.php" tests="2" assertions="2" failures="1" errors="0" time="0.115865">
    <testcase name="test_users_add" class="Main_test" file="/var/www/mysite.com/public/application/tests/controllers/Main_test.php" line="57" assertions="1" time="0.075361">
      <failure type="PHPUnit_Framework_ExpectationFailedException">Main_test::test_users_add
Status code is not 201 but 406.
Failed asserting that two strings are identical.
--- Expected
+++ Actual
@@ @@
-201
+406

/var/www/mysite.com/public/application/tests/_ci_phpunit_test/CIPHPUnitTestCase.php:248
/var/www/mysite.com/public/application/tests/controllers/Main_test.php:60
</failure>
    </testcase>
    <testcase name="test_users_post_emptyrequest" class="Main_test" file="/var/www/mysite.com/public/application/tests/controllers/Main_test.php" line="63" assertions="1" time="0.040504"/>
  </testsuite>
</testsuites>
